a180285 : C:/Users/Zsombi/Desktop/Allamvizsga/DIPLOMA/data/100_users/a180285\1460488_1483485_a180285.cpp
a180285 : C:/Users/Zsombi/Desktop/Allamvizsga/DIPLOMA/data/100_users/a180285\1460488_1483488_a180285.cpp
a180285 : C:/Users/Zsombi/Desktop/Allamvizsga/DIPLOMA/data/100_users/a180285\1460488_1595491_a180285.cpp
a180285 : C:/Users/Zsombi/Desktop/Allamvizsga/DIPLOMA/data/100_users/a180285\1645485_1482494_a180285.cpp
a180285 : C:/Users/Zsombi/Desktop/Allamvizsga/DIPLOMA/data/100_users/a180285\1645485_1673486_a180285.cpp
a180285 : C:/Users/Zsombi/Desktop/Allamvizsga/DIPLOMA/data/100_users/a180285\1835486_1475486_a180285.cpp
a180285 : C:/Users/Zsombi/Desktop/Allamvizsga/DIPLOMA/data/100_users/a180285\1835486_1481492_a180285.cpp
a180285 : C:/Users/Zsombi/Desktop/Allamvizsga/DIPLOMA/data/100_users/a180285\1836486_1480487_a180285.cpp
a180285 : C:/Users/Zsombi/Desktop/Allamvizsga/DIPLOMA/data/100_users/a180285\1836486_1484496_a180285.cpp
acrush : C:/Users/Zsombi/Desktop/Allamvizsga/DIPLOMA/data/100_users/acrush\1645485_1480492_acrush.cpp
acrush : C:/Users/Zsombi/Desktop/Allamvizsga/DIPLOMA/data/100_users/acrush\1645485_1482494_acrush.cpp
acrush : C:/Users/Zsombi/Desktop/Allamvizsga/DIPLOMA/data/100_users/acrush\1645485_1673486_acrush.cpp
acrush : C:/Users/Zsombi/Desktop/Allamvizsga/DIPLOMA/data/100_users/acrush\1835486_1475486_acrush.cpp
acrush : C:/Users/Zsombi/Desktop/Allamvizsga/DIPLOMA/data/100_users/acrush\1835486_1481492_acrush.cpp
acrush : C:/Users/Zsombi/Desktop/Allamvizsga/DIPLOMA/data/100_users/acrush\1835486_1590487_acrush.cpp
adi.pearl : C:/Users/Zsombi/Desktop/Allamvizsga/DIPLOMA/data/100_users/adi.pearl\2984486_5634947029139456_adi.pearl.cpp
adi.pearl : C:/Users/Zsombi/Desktop/Allamvizsga/DIPLOMA/data/100_users/adi.pearl\2994486_5658282861527040_adi.pearl.cpp
adi.pearl : C:/Users/Zsombi/Desktop/Allamvizsga/DIPLOMA/data/100_users/adi.pearl\2994486_5751500831719424_adi.pearl.cpp
adi.pearl : C:/Users/Zsombi/Desktop/Allamvizsga/DIPLOMA/data/100_users/adi.pearl\3004486_5669245564223488_adi.pearl.cpp
adi.pearl : C:/Users/Zsombi/Desktop/Allamvizsga/DIPLOMA/data/100_users/adi.pearl\3004486_5706278382862336_adi.pearl.cpp
AguL : C:/Users/Zsombi/Desktop/Allamvizsga/DIPLOMA/data/100_users/AguL\1842485_1481486_AguL.cpp
AguL : C:/Users/Zsombi/Desktop/Allamvizsga/DIPLOMA/data/100_users/AguL\1842485_1486492_AguL.cpp
Al.Cash : C:/Users/Zsombi/Desktop/Allamvizsga/DIPLOMA/data/100_users/Al.Cash\1460488_1285485_Al.Cash.cpp
Al.Cash : C:/Users/Zsombi/Desktop/Allamvizsga/DIPLOMA/data/100_users/Al.Cash\1460488_1483485_Al.Cash.cpp
Al.Cash : C:/Users/Zsombi/Desktop/Allamvizsga/DIPLOMA/data/100_users/Al.Cash\1460488_1483488_Al.Cash.cpp
Al.Cash : C:/Users/Zsombi/Desktop/Allamvizsga/DIPLOMA/data/100_users/Al.Cash\1460488_1595491_Al.Cash.cpp
Al.Cash : C:/Users/Zsombi/Desktop/Allamvizsga/DIPLOMA/data/100_users/Al.Cash\1836486_1480487_Al.Cash.cpp
Al.Cash : C:/Users/Zsombi/Desktop/Allamvizsga/DIPLOMA/data/100_users/Al.Cash\1836486_1484496_Al.Cash.cpp
Al.Cash : C:/Users/Zsombi/Desktop/Allamvizsga/DIPLOMA/data/100_users/Al.Cash\1836486_1485488_Al.Cash.cpp
AlexX : C:/Users/Zsombi/Desktop/Allamvizsga/DIPLOMA/data/100_users/AlexX\2984486_5634947029139456_AlexX.cpp
AlexX : C:/Users/Zsombi/Desktop/Allamvizsga/DIPLOMA/data/100_users/AlexX\2984486_5766201229705216_AlexX.cpp
AlexX : C:/Users/Zsombi/Desktop/Allamvizsga/DIPLOMA/data/100_users/AlexX\2994486_5658282861527040_AlexX.cpp
AlexX : C:/Users/Zsombi/Desktop/Allamvizsga/DIPLOMA/data/100_users/AlexX\2994486_5751500831719424_AlexX.cpp
AlexX : C:/Users/Zsombi/Desktop/Allamvizsga/DIPLOMA/data/100_users/AlexX\3014486_5158144455999488_AlexX.cpp
AlexX : C:/Users/Zsombi/Desktop/Allamvizsga/DIPLOMA/data/100_users/AlexX\3014486_5649687893770240_AlexX.cpp
Amb : C:/Users/Zsombi/Desktop/Allamvizsga/DIPLOMA/data/100_users/Amb\1836486_1480487_Amb.cpp
Amb : C:/Users/Zsombi/Desktop/Allamvizsga/DIPLOMA/data/100_users/Amb\1836486_1484496_Amb.cpp
andrii.nakryiko : C:/Users/Zsombi/Desktop/Allamvizsga/DIPLOMA/data/100_users/andrii.nakryiko\1460488_1483485_andrii.nakryiko.cpp
andrii.nakryiko : C:/Users/Zsombi/Desktop/Allamvizsga/DIPLOMA/data/100_users/andrii.nakryiko\1460488_1483488_andrii.nakryiko.cpp
andrii.nakryiko : C:/Users/Zsombi/Desktop/Allamvizsga/DIPLOMA/data/100_users/andrii.nakryiko\1460488_1595491_andrii.nakryiko.cpp
andrii.nakryiko : C:/Users/Zsombi/Desktop/Allamvizsga/DIPLOMA/data/100_users/andrii.nakryiko\1645485_1482494_andrii.nakryiko.cpp
andrii.nakryiko : C:/Users/Zsombi/Desktop/Allamvizsga/DIPLOMA/data/100_users/andrii.nakryiko\1645485_1673486_andrii.nakryiko.cpp
andrii.nakryiko : C:/Users/Zsombi/Desktop/Allamvizsga/DIPLOMA/data/100_users/andrii.nakryiko\1781488_1485490_andrii.nakryiko.cpp
andrii.nakryiko : C:/Users/Zsombi/Desktop/Allamvizsga/DIPLOMA/data/100_users/andrii.nakryiko\1781488_1674486_andrii.nakryiko.cpp
andrii.nakryiko : C:/Users/Zsombi/Desktop/Allamvizsga/DIPLOMA/data/100_users/andrii.nakryiko\1842485_1481486_andrii.nakryiko.cpp
andrii.nakryiko : C:/Users/Zsombi/Desktop/Allamvizsga/DIPLOMA/data/100_users/andrii.nakryiko\1842485_1484495_andrii.nakryiko.cpp
